[Wed Oct  8 09:21:49     2025] Starting backup of /d/_Astrica/UNI/4_курс/devops-portfolio-/source
[Wed Oct  8 09:21:50     2025] Backup successful: /d/_Astrica/UNI/4_курс/devops-portfolio-/backup/backup_2025-10-08_09-21-49.tar.gz
[Wed Oct  8 09:21:50     2025] Backup finished
[Wed Oct  8 09:22:35     2025] Starting backup of /d/_Astrica/UNI/4_курс/devops-portfolio-/source
[Wed Oct  8 09:22:35     2025] Backup successful: /d/_Astrica/UNI/4_курс/devops-portfolio-/backup/backup_2025-10-08_09-22-35.tar.gz
[Wed Oct  8 09:22:36     2025] Backup finished
[Wed Oct  8 09:22:41     2025] Starting backup of /d/_Astrica/UNI/4_курс/devops-portfolio-/source
[Wed Oct  8 09:22:42     2025] Backup successful: /d/_Astrica/UNI/4_курс/devops-portfolio-/backup/backup_2025-10-08_09-22-41.tar.gz
[Wed Oct  8 09:22:42     2025] Backup finished
[Wed Oct  8 09:22:51     2025] Starting backup of /d/_Astrica/UNI/4_курс/devops-portfolio-/source
[Wed Oct  8 09:22:52     2025] Backup successful: /d/_Astrica/UNI/4_курс/devops-portfolio-/backup/backup_2025-10-08_09-22-51.tar.gz
[Wed Oct  8 09:22:52     2025] Backup finished
[Wed Oct  8 09:23:26     2025] Starting backup of /d/_Astrica/UNI/4_курс/devops-portfolio-/source
[Wed Oct  8 09:23:26     2025] Backup successful: /d/_Astrica/UNI/4_курс/devops-portfolio-/backup/backup_2025-10-08_09-23-26.tar.gz
[Wed Oct  8 09:23:27     2025] Backup finished
[Wed Oct  8 09:26:03     2025] Starting backup of /d/_Astrica/UNI/4_курс/devops-portfolio-/source
[Wed Oct  8 09:26:03     2025] Backup successful: /d/_Astrica/UNI/4_курс/devops-portfolio-/backup/backup_2025-10-08_09-26-03.tar.gz
[Wed Oct  8 09:26:03     2025] Cleaning up old backups...
[Wed Oct  8 09:26:04     2025] Cleanup done.
[Wed Oct  8 09:26:04     2025] Backup finished
[Wed Oct  8 09:26:19     2025] Starting backup of /d/_Astrica/UNI/4_курс/devops-portfolio-/source
[Wed Oct  8 09:26:19     2025] Backup successful: /d/_Astrica/UNI/4_курс/devops-portfolio-/backup/backup_2025-10-08_09-26-19.tar.gz
[Wed Oct  8 09:26:20     2025] Cleaning up old backups...
[Wed Oct  8 09:26:20     2025] Cleanup done.
[Wed Oct  8 09:26:20     2025] Backup finished
[Tue Oct 21 22:44:45     2025] Starting backup of /d/_Astrica/UNI/4_курс/devops-portfolio-/source
[Tue Oct 21 22:44:45     2025] Backup successful: /d/_Astrica/UNI/4_курс/devops-portfolio-/backup/backup_2025-10-21_22-44-45.tar.gz
[Tue Oct 21 22:44:46     2025] Cleaning up old backups...
[Tue Oct 21 22:44:46     2025] Cleanup done.
[Tue Oct 21 22:44:46     2025] Backup finished
[Tue Oct 21 22:51:59     2025] Starting backup of /d/_Astrica/UNI/4_курс/devops-portfolio-/source
[Tue Oct 21 22:51:59     2025] Backup successful: /d/_Astrica/UNI/4_курс/devops-portfolio-/backup/backup_2025-10-21_22-51-59.tar.gz
[Tue Oct 21 22:51:59     2025] Cleaning up old backups...
[Tue Oct 21 22:51:59     2025] Cleanup done.
[Tue Oct 21 22:51:59     2025] Backup finished
[Tue Oct 21 22:54:18     2025] Starting backup of /d/_Astrica/UNI/4_курс/devops-portfolio-/source
[Tue Oct 21 22:54:18     2025] Backup successful: /d/_Astrica/UNI/4_курс/devops-portfolio-/backup/backup_2025-10-21_22-54-18.tar.gz
[Tue Oct 21 22:54:18     2025] Cleaning up old backups...
[Tue Oct 21 22:54:19     2025] Cleanup done.
[Tue Oct 21 22:54:19     2025] Backup finished
[Tue Oct 21 22:56:03     2025] Starting backup of /d/_Astrica/UNI/4_курс/devops-portfolio-/source
[Tue Oct 21 22:56:03     2025] Backup successful: /d/_Astrica/UNI/4_курс/devops-portfolio-/backup/backup_2025-10-21_22-56-03.tar.gz
[Tue Oct 21 22:56:03     2025] Cleaning up old backups...
[Tue Oct 21 22:56:03     2025] Cleanup done.
[Tue Oct 21 22:56:04     2025] Backup finished
[Tue Oct 21 22:56:44     2025] Starting backup of /d/_Astrica/UNI/4_курс/devops-portfolio-/source
[Tue Oct 21 22:56:44     2025] Backup successful: /d/_Astrica/UNI/4_курс/devops-portfolio-/backup/backup_2025-10-21_22-56-44.tar.gz
[Tue Oct 21 22:56:44     2025] Cleaning up old backups...
[Tue Oct 21 22:56:45     2025] Cleanup done.
[Tue Oct 21 22:56:45     2025] Backup finished
[Tue Oct 21 23:20:14     2025] Starting backup of /d/_Astrica/UNI/4_курс/devops-portfolio-/source
[Tue Oct 21 23:20:14     2025] Backup successful: /d/_Astrica/UNI/4_курс/devops-portfolio-/backup/backup_2025-10-21_23-20-14.tar.gz
[Tue Oct 21 23:20:14     2025] Cleaning up old backups...
[Tue Oct 21 23:20:14     2025] Cleanup done.
[Tue Oct 21 23:20:14     2025] Backup finished
